  lab 3.4.cpp
C:\Users\vladk\source\repos\lab 3.4\lab 3.4.cpp(29,13): warning C4566: character represented by universal-character-name '\u0412' cannot be represented in the current code page (1252)
C:\Users\vladk\source\repos\lab 3.4\lab 3.4.cpp(29,13): warning C4566: character represented by universal-character-name '\u0432' cannot be represented in the current code page (1252)
C:\Users\vladk\source\repos\lab 3.4\lab 3.4.cpp(29,13): warning C4566: character represented by universal-character-name '\u0435' cannot be represented in the current code page (1252)
C:\Users\vladk\source\repos\lab 3.4\lab 3.4.cpp(29,13): warning C4566: character represented by universal-character-name '\u0434' cannot be represented in the current code page (1252)
C:\Users\vladk\source\repos\lab 3.4\lab 3.4.cpp(29,13): warning C4566: character represented by universal-character-name '\u0456' cannot be represented in the current code page (1252)
C:\Users\vladk\source\repos\lab 3.4\lab 3.4.cpp(29,13): warning C4566: character represented by universal-character-name '\u0442' cannot be represented in the current code page (1252)
C:\Users\vladk\source\repos\lab 3.4\lab 3.4.cpp(29,13): warning C4566: character represented by universal-character-name '\u044C' cannot be represented in the current code page (1252)
C:\Users\vladk\source\repos\lab 3.4\lab 3.4.cpp(29,13): warning C4566: character represented by universal-character-name '\u043A' cannot be represented in the current code page (1252)
C:\Users\vladk\source\repos\lab 3.4\lab 3.4.cpp(29,13): warning C4566: character represented by universal-character-name '\u043E' cannot be represented in the current code page (1252)
C:\Users\vladk\source\repos\lab 3.4\lab 3.4.cpp(29,13): warning C4566: character represented by universal-character-name '\u0440' cannot be represented in the current code page (1252)
C:\Users\vladk\source\repos\lab 3.4\lab 3.4.cpp(29,13): warning C4566: character represented by universal-character-name '\u0438' cannot be represented in the current code page (1252)
C:\Users\vladk\source\repos\lab 3.4\lab 3.4.cpp(29,13): warning C4566: character represented by universal-character-name '\u043D' cannot be represented in the current code page (1252)
C:\Users\vladk\source\repos\lab 3.4\lab 3.4.cpp(29,13): warning C4566: character represented by universal-character-name '\u0430' cannot be represented in the current code page (1252)
C:\Users\vladk\source\repos\lab 3.4\lab 3.4.cpp(29,13): warning C4566: character represented by universal-character-name '\u0447' cannot be represented in the current code page (1252)
C:\Users\vladk\source\repos\lab 3.4\lab 3.4.cpp(31,13): warning C4566: character represented by universal-character-name '\u0412' cannot be represented in the current code page (1252)
C:\Users\vladk\source\repos\lab 3.4\lab 3.4.cpp(31,13): warning C4566: character represented by universal-character-name '\u0432' cannot be represented in the current code page (1252)
C:\Users\vladk\source\repos\lab 3.4\lab 3.4.cpp(31,13): warning C4566: character represented by universal-character-name '\u0435' cannot be represented in the current code page (1252)
C:\Users\vladk\source\repos\lab 3.4\lab 3.4.cpp(31,13): warning C4566: character represented by universal-character-name '\u0434' cannot be represented in the current code page (1252)
C:\Users\vladk\source\repos\lab 3.4\lab 3.4.cpp(31,13): warning C4566: character represented by universal-character-name '\u0456' cannot be represented in the current code page (1252)
C:\Users\vladk\source\repos\lab 3.4\lab 3.4.cpp(31,13): warning C4566: character represented by universal-character-name '\u0442' cannot be represented in the current code page (1252)
C:\Users\vladk\source\repos\lab 3.4\lab 3.4.cpp(31,13): warning C4566: character represented by universal-character-name '\u044C' cannot be represented in the current code page (1252)
C:\Users\vladk\source\repos\lab 3.4\lab 3.4.cpp(31,13): warning C4566: character represented by universal-character-name '\u0437' cannot be represented in the current code page (1252)
C:\Users\vladk\source\repos\lab 3.4\lab 3.4.cpp(31,13): warning C4566: character represented by universal-character-name '\u043D' cannot be represented in the current code page (1252)
C:\Users\vladk\source\repos\lab 3.4\lab 3.4.cpp(31,13): warning C4566: character represented by universal-character-name '\u0430' cannot be represented in the current code page (1252)
C:\Users\vladk\source\repos\lab 3.4\lab 3.4.cpp(31,13): warning C4566: character represented by universal-character-name '\u0447' cannot be represented in the current code page (1252)
C:\Users\vladk\source\repos\lab 3.4\lab 3.4.cpp(31,13): warning C4566: character represented by universal-character-name '\u044F' cannot be represented in the current code page (1252)
C:\Users\vladk\source\repos\lab 3.4\lab 3.4.cpp(33,13): warning C4566: character represented by universal-character-name '\u0412' cannot be represented in the current code page (1252)
C:\Users\vladk\source\repos\lab 3.4\lab 3.4.cpp(33,13): warning C4566: character represented by universal-character-name '\u0432' cannot be represented in the current code page (1252)
C:\Users\vladk\source\repos\lab 3.4\lab 3.4.cpp(33,13): warning C4566: character represented by universal-character-name '\u0435' cannot be represented in the current code page (1252)
C:\Users\vladk\source\repos\lab 3.4\lab 3.4.cpp(33,13): warning C4566: character represented by universal-character-name '\u0434' cannot be represented in the current code page (1252)
C:\Users\vladk\source\repos\lab 3.4\lab 3.4.cpp(33,13): warning C4566: character represented by universal-character-name '\u0456' cannot be represented in the current code page (1252)
C:\Users\vladk\source\repos\lab 3.4\lab 3.4.cpp(33,13): warning C4566: character represented by universal-character-name '\u0442' cannot be represented in the current code page (1252)
C:\Users\vladk\source\repos\lab 3.4\lab 3.4.cpp(33,13): warning C4566: character represented by universal-character-name '\u044C' cannot be represented in the current code page (1252)
C:\Users\vladk\source\repos\lab 3.4\lab 3.4.cpp(33,13): warning C4566: character represented by universal-character-name '\u0437' cannot be represented in the current code page (1252)
C:\Users\vladk\source\repos\lab 3.4\lab 3.4.cpp(33,13): warning C4566: character represented by universal-character-name '\u043D' cannot be represented in the current code page (1252)
C:\Users\vladk\source\repos\lab 3.4\lab 3.4.cpp(33,13): warning C4566: character represented by universal-character-name '\u0430' cannot be represented in the current code page (1252)
C:\Users\vladk\source\repos\lab 3.4\lab 3.4.cpp(33,13): warning C4566: character represented by universal-character-name '\u0447' cannot be represented in the current code page (1252)
C:\Users\vladk\source\repos\lab 3.4\lab 3.4.cpp(33,13): warning C4566: character represented by universal-character-name '\u044F' cannot be represented in the current code page (1252)
C:\Users\vladk\source\repos\lab 3.4\lab 3.4.cpp(38,17): warning C4566: character represented by universal-character-name '\u0422' cannot be represented in the current code page (1252)
C:\Users\vladk\source\repos\lab 3.4\lab 3.4.cpp(38,17): warning C4566: character represented by universal-character-name '\u043E' cannot be represented in the current code page (1252)
C:\Users\vladk\source\repos\lab 3.4\lab 3.4.cpp(38,17): warning C4566: character represented by universal-character-name '\u0447' cannot be represented in the current code page (1252)
C:\Users\vladk\source\repos\lab 3.4\lab 3.4.cpp(38,17): warning C4566: character represented by universal-character-name '\u043A' cannot be represented in the current code page (1252)
C:\Users\vladk\source\repos\lab 3.4\lab 3.4.cpp(38,17): warning C4566: character represented by universal-character-name '\u0430' cannot be represented in the current code page (1252)
C:\Users\vladk\source\repos\lab 3.4\lab 3.4.cpp(38,53): warning C4566: character represented by universal-character-name '\u0437' cannot be represented in the current code page (1252)
C:\Users\vladk\source\repos\lab 3.4\lab 3.4.cpp(38,53): warning C4566: character represented by universal-character-name '\u043D' cannot be represented in the current code page (1252)
C:\Users\vladk\source\repos\lab 3.4\lab 3.4.cpp(38,53): warning C4566: character represented by universal-character-name '\u0430' cannot be represented in the current code page (1252)
C:\Users\vladk\source\repos\lab 3.4\lab 3.4.cpp(38,53): warning C4566: character represented by universal-character-name '\u0445' cannot be represented in the current code page (1252)
C:\Users\vladk\source\repos\lab 3.4\lab 3.4.cpp(38,53): warning C4566: character represented by universal-character-name '\u043E' cannot be represented in the current code page (1252)
C:\Users\vladk\source\repos\lab 3.4\lab 3.4.cpp(38,53): warning C4566: character represented by universal-character-name '\u0434' cannot be represented in the current code page (1252)
C:\Users\vladk\source\repos\lab 3.4\lab 3.4.cpp(38,53): warning C4566: character represented by universal-character-name '\u0438' cannot be represented in the current code page (1252)
C:\Users\vladk\source\repos\lab 3.4\lab 3.4.cpp(38,53): warning C4566: character represented by universal-character-name '\u0442' cannot be represented in the current code page (1252)
C:\Users\vladk\source\repos\lab 3.4\lab 3.4.cpp(38,53): warning C4566: character represented by universal-character-name '\u044C' cannot be represented in the current code page (1252)
C:\Users\vladk\source\repos\lab 3.4\lab 3.4.cpp(38,53): warning C4566: character represented by universal-character-name '\u0441' cannot be represented in the current code page (1252)
C:\Users\vladk\source\repos\lab 3.4\lab 3.4.cpp(38,53): warning C4566: character represented by universal-character-name '\u044F' cannot be represented in the current code page (1252)
C:\Users\vladk\source\repos\lab 3.4\lab 3.4.cpp(38,53): warning C4566: character represented by universal-character-name '\u0432' cannot be represented in the current code page (1252)
C:\Users\vladk\source\repos\lab 3.4\lab 3.4.cpp(38,53): warning C4566: character represented by universal-character-name '\u0444' cannot be represented in the current code page (1252)
C:\Users\vladk\source\repos\lab 3.4\lab 3.4.cpp(38,53): warning C4566: character represented by universal-character-name '\u0440' cannot be represented in the current code page (1252)
C:\Users\vladk\source\repos\lab 3.4\lab 3.4.cpp(38,53): warning C4566: character represented by universal-character-name '\u0431' cannot be represented in the current code page (1252)
C:\Users\vladk\source\repos\lab 3.4\lab 3.4.cpp(38,53): warning C4566: character represented by universal-character-name '\u0456' cannot be represented in the current code page (1252)
C:\Users\vladk\source\repos\lab 3.4\lab 3.4.cpp(38,53): warning C4566: character represented by universal-character-name '\u0439' cannot be represented in the current code page (1252)
C:\Users\vladk\source\repos\lab 3.4\lab 3.4.cpp(38,53): warning C4566: character represented by universal-character-name '\u043B' cannot be represented in the current code page (1252)
C:\Users\vladk\source\repos\lab 3.4\lab 3.4.cpp(41,17): warning C4566: character represented by universal-character-name '\u0422' cannot be represented in the current code page (1252)
C:\Users\vladk\source\repos\lab 3.4\lab 3.4.cpp(41,17): warning C4566: character represented by universal-character-name '\u043E' cannot be represented in the current code page (1252)
C:\Users\vladk\source\repos\lab 3.4\lab 3.4.cpp(41,17): warning C4566: character represented by universal-character-name '\u0447' cannot be represented in the current code page (1252)
C:\Users\vladk\source\repos\lab 3.4\lab 3.4.cpp(41,17): warning C4566: character represented by universal-character-name '\u043A' cannot be represented in the current code page (1252)
C:\Users\vladk\source\repos\lab 3.4\lab 3.4.cpp(41,17): warning C4566: character represented by universal-character-name '\u0430' cannot be represented in the current code page (1252)
C:\Users\vladk\source\repos\lab 3.4\lab 3.4.cpp(41,53): warning C4566: character represented by universal-character-name '\u043D' cannot be represented in the current code page (1252)
C:\Users\vladk\source\repos\lab 3.4\lab 3.4.cpp(41,53): warning C4566: character represented by universal-character-name '\u0435' cannot be represented in the current code page (1252)
C:\Users\vladk\source\repos\lab 3.4\lab 3.4.cpp(41,53): warning C4566: character represented by universal-character-name '\u0437' cannot be represented in the current code page (1252)
C:\Users\vladk\source\repos\lab 3.4\lab 3.4.cpp(41,53): warning C4566: character represented by universal-character-name '\u0430' cannot be represented in the current code page (1252)
C:\Users\vladk\source\repos\lab 3.4\lab 3.4.cpp(41,53): warning C4566: character represented by universal-character-name '\u0445' cannot be represented in the current code page (1252)
C:\Users\vladk\source\repos\lab 3.4\lab 3.4.cpp(41,53): warning C4566: character represented by universal-character-name '\u043E' cannot be represented in the current code page (1252)
C:\Users\vladk\source\repos\lab 3.4\lab 3.4.cpp(41,53): warning C4566: character represented by universal-character-name '\u0434' cannot be represented in the current code page (1252)
C:\Users\vladk\source\repos\lab 3.4\lab 3.4.cpp(41,53): warning C4566: character represented by universal-character-name '\u0438' cannot be represented in the current code page (1252)
C:\Users\vladk\source\repos\lab 3.4\lab 3.4.cpp(41,53): warning C4566: character represented by universal-character-name '\u0442' cannot be represented in the current code page (1252)
C:\Users\vladk\source\repos\lab 3.4\lab 3.4.cpp(41,53): warning C4566: character represented by universal-character-name '\u044C' cannot be represented in the current code page (1252)
C:\Users\vladk\source\repos\lab 3.4\lab 3.4.cpp(41,53): warning C4566: character represented by universal-character-name '\u0441' cannot be represented in the current code page (1252)
C:\Users\vladk\source\repos\lab 3.4\lab 3.4.cpp(41,53): warning C4566: character represented by universal-character-name '\u044F' cannot be represented in the current code page (1252)
C:\Users\vladk\source\repos\lab 3.4\lab 3.4.cpp(41,53): warning C4566: character represented by universal-character-name '\u0432' cannot be represented in the current code page (1252)
C:\Users\vladk\source\repos\lab 3.4\lab 3.4.cpp(41,53): warning C4566: character represented by universal-character-name '\u0444' cannot be represented in the current code page (1252)
C:\Users\vladk\source\repos\lab 3.4\lab 3.4.cpp(41,53): warning C4566: character represented by universal-character-name '\u0440' cannot be represented in the current code page (1252)
C:\Users\vladk\source\repos\lab 3.4\lab 3.4.cpp(41,53): warning C4566: character represented by universal-character-name '\u0431' cannot be represented in the current code page (1252)
C:\Users\vladk\source\repos\lab 3.4\lab 3.4.cpp(41,53): warning C4566: character represented by universal-character-name '\u0456' cannot be represented in the current code page (1252)
C:\Users\vladk\source\repos\lab 3.4\lab 3.4.cpp(41,53): warning C4566: character represented by universal-character-name '\u0439' cannot be represented in the current code page (1252)
C:\Users\vladk\source\repos\lab 3.4\lab 3.4.cpp(41,53): warning C4566: character represented by universal-character-name '\u043B' cannot be represented in the current code page (1252)
  lab 3.4.vcxproj -> C:\Users\vladk\source\repos\lab 3.4\x64\Debug\lab 3.4.exe
